<?xml version="1.0" encoding="UTF-8"?>
<!-- Generated by org.testng.reporters.JUnitReportReporter -->
<testsuite hostname="AlamFaleela" failures="0" tests="1" name="com.eCommerce.v001.eCommerce_tc5" time="36.130" errors="0" timestamp="21 Nov 2022 17:03:35 GMT" skipped="0">
  <testcase classname="com.eCommerce.v001.eCommerce_tc5" name="validatingTotalSumOfProdsInCart" time="36.130"/>
</testsuite> <!-- com.eCommerce.v001.eCommerce_tc5 -->
