<?xml version="1.0" encoding="UTF-8"?>
<!-- Generated by org.testng.reporters.JUnitReportReporter -->
<testsuite hostname="AlamFaleela" failures="0" tests="1" name="com.eCommerce.v001.mobileBrowsertest" time="2.692" errors="0" timestamp="22 Nov 2022 07:29:43 GMT" skipped="0">
  <testcase classname="com.eCommerce.v001.mobileBrowsertest" name="MobileBrowserTest" time="2.692"/>
</testsuite> <!-- com.eCommerce.v001.mobileBrowsertest -->
