<?xml version="1.0" encoding="UTF-8"?>
<!-- Generated by org.testng.reporters.JUnitReportReporter -->
<testsuite hostname="AlamFaleela" failures="0" tests="1" name="com.eCommerce.v001.ecCommerce_tc4" time="32.541" errors="0" timestamp="20 Nov 2022 05:50:41 GMT" skipped="0">
  <testcase classname="com.eCommerce.v001.ecCommerce_tc4" name="validatingTotalSumOfProdsInCart" time="32.541"/>
</testsuite> <!-- com.eCommerce.v001.ecCommerce_tc4 -->
