<?xml version="1.0" encoding="UTF-8"?>
<!-- Generated by org.testng.reporters.JUnitReportReporter -->
<testsuite hostname="AlamFaleela" failures="0" tests="1" name="com.eCommerce.v001.eCommerce_tc6_hybridApp" time="63.683" errors="0" timestamp="24 Nov 2022 07:46:28 GMT" skipped="0">
  <testcase classname="com.eCommerce.v001.eCommerce_tc6_hybridApp" name="navToChromeBroserfromNativeApp" time="63.683"/>
</testsuite> <!-- com.eCommerce.v001.eCommerce_tc6_hybridApp -->
