<?xml version="1.0" encoding="UTF-8"?>
<!-- Generated by org.testng.reporters.JUnitReportReporter -->
<testsuite hostname="AlamFaleela" failures="0" tests="1" name="com.mobile.automation.AppiumMobileGestures" time="18.736" errors="0" timestamp="18 Nov 2022 19:45:17 GMT" skipped="0">
  <testcase classname="com.mobile.automation.AppiumMobileGestures" name="scrollDownGesture" time="18.736"/>
</testsuite> <!-- com.mobile.automation.AppiumMobileGestures -->
