<?xml version="1.0" encoding="UTF-8"?>
<!-- Generated by org.testng.reporters.JUnitReportReporter -->
<testsuite hostname="AlamFaleela" failures="0" tests="1" name="com.mobile.automation.AppiumBasics" time="36.947" errors="0" timestamp="21 Nov 2022 19:25:40 GMT" skipped="0">
  <testcase classname="com.mobile.automation.AppiumBasics" name="wifiSettingsName" time="36.947"/>
</testsuite> <!-- com.mobile.automation.AppiumBasics -->
