<?xml version="1.0" encoding="UTF-8"?>
<!-- Generated by org.testng.reporters.JUnitReportReporter -->
<testsuite hostname="AlamFaleela" failures="0" tests="1" name="com.eCommerce.v001.eCommerce_tc3" time="37.471" errors="0" timestamp="19 Nov 2022 14:40:21 GMT" skipped="0">
  <testcase classname="com.eCommerce.v001.eCommerce_tc3" name="addProductToCart" time="37.471"/>
</testsuite> <!-- com.eCommerce.v001.eCommerce_tc3 -->
