<?xml version="1.0" encoding="UTF-8"?>
<!-- Generated by org.testng.reporters.JUnitReportReporter -->
<testsuite hostname="AlamFaleela" failures="0" tests="1" name="com.eCommerce.v001.eCommerce_tc2" time="19.747" errors="0" timestamp="19 Nov 2022 06:26:10 GMT" skipped="0">
  <testcase classname="com.eCommerce.v001.eCommerce_tc2" name="validatingToastMessage" time="19.747"/>
</testsuite> <!-- com.eCommerce.v001.eCommerce_tc2 -->
