<?xml version="1.0" encoding="UTF-8"?>
<!-- Generated by org.testng.reporters.JUnitReportReporter -->
<testsuite hostname="AlamFaleela" failures="0" tests="1" name="com.mobile.automation.DirectNaviagationToMobilePages" time="19.667" errors="0" timestamp="18 Nov 2022 06:34:30 GMT" skipped="0">
  <testcase classname="com.mobile.automation.DirectNaviagationToMobilePages" name="miscellanous" time="19.667"/>
</testsuite> <!-- com.mobile.automation.DirectNaviagationToMobilePages -->
